<?xml version="1.0" encoding="UTF-8"?><testsuite errors="0" failures="0" name="com.gorest.testsuite.UserCRUDTest" skipped="0" tests="4" time="8.34" timestamp="2023-06-06T08:36:40.032+01:00[Europe/London]"><testcase classname="com.gorest.testsuite.UserCRUDTest" name="This will create a user"/><testcase classname="com.gorest.testsuite.UserCRUDTest" name="Verify if the user was added to the application"/><testcase classname="com.gorest.testsuite.UserCRUDTest" name="Update the user information and verify the updated information"/><testcase classname="com.gorest.testsuite.UserCRUDTest" name="A4"/></testsuite>